Kolkata	Central Avenue	Groceries	233.65

Kolkata	Bowbazar	Hair Care	198.99
Bad data packet
Kolkata	Amherst Street	Beverages	92.75
Kolkata	Amherst Street	Beverages	0
Kolkata	Amherst Street	Groceries	92.75
Kolkata	Amherst Street	Beverages	92.75
Kolkata	Central Avenue	233.65
Kolkata	Amherst Street	Hair Care	92.75
Bad data packet
Kolkata	Bowbazar	Groceries	198.99
Kolkata	Bowbazar	Groceries	198.99
Kolkata	Bowbazar	Hair Care	198.99
Bad data packet
Kolkata	Bowbazar	Groceries	198.99
Kolkata	Bowbazar	Groceries	198.99
Kolkata	Bowbazar	Beverages	198.99
Kolkata	Central Avenue	Hair Care	0
Bad data packet
Kolkata	Central Avenue	Beverages	0
Bad data packet
Kolkata	Central Avenue	Groceries	233.65
Kolkata	Central Avenue	Groceries	233.65
Kolkata	Central Avenue	Beverages	233.65